  MultiVis_Viewer.cpp
d:\00multivis\00multivis\glframe.h(102): warning C4244: “=”: 从“GLdouble”转换到“float”，可能丢失数据
d:\00multivis\00multivis\glframe.h(104): warning C4244: “=”: 从“GLdouble”转换到“float”，可能丢失数据
d:\00multivis\00multivis\glframe.h(109): warning C4244: “=”: 从“GLdouble”转换到“float”，可能丢失数据
d:\00multivis\00multivis\glframe.h(110): warning C4244: “=”: 从“GLdouble”转换到“float”，可能丢失数据
d:\00multivis\00multivis\glframe.h(113): warning C4244: “=”: 从“GLdouble”转换到“float”，可能丢失数据
d:\00multivis\00multivis\glframe.h(115): warning C4244: “=”: 从“GLdouble”转换到“float”，可能丢失数据
d:\00multivis\00multivis\glframe.h(99): warning C4101: “yFmin”: 未引用的局部变量
d:\00multivis\00multivis\glframe.h(99): warning C4101: “yFmax”: 未引用的局部变量
d:\00multivis\00multivis\glframe.h(99): warning C4101: “xFmax”: 未引用的局部变量
d:\00multivis\00multivis\glframe.h(99): warning C4101: “xFmin”: 未引用的局部变量
d:\00multivis\00multivis\type_define.h(48): warning C4244: “初始化”: 从“int”转换到“float”，可能丢失数据
d:\00multivis\00multivis\multivis_viewer.h(130): warning C4244: “参数”: 从“double”转换到“float”，可能丢失数据
d:\00multivis\00multivis\multivis_viewer.h(130): warning C4244: “return”: 从“double”转换到“float”，可能丢失数据
d:\00multivis\00multivis\multivis_viewer.cpp(292): warning C4244: “=”: 从“double”转换到“float”，可能丢失数据
d:\00multivis\00multivis\multivis_viewer.cpp(327): warning C4244: “=”: 从“double”转换到“float”，可能丢失数据
d:\00multivis\00multivis\multivis_viewer.cpp(335): warning C4244: “初始化”: 从“double”转换到“float”，可能丢失数据
d:\00multivis\00multivis\multivis_viewer.cpp(336): warning C4244: “初始化”: 从“double”转换到“float”，可能丢失数据
d:\00multivis\00multivis\multivis_viewer.cpp(337): warning C4244: “初始化”: 从“double”转换到“float”，可能丢失数据
d:\00multivis\00multivis\multivis_viewer.cpp(379): warning C4244: “=”: 从“double”转换到“float”，可能丢失数据
d:\00multivis\00multivis\multivis_viewer.cpp(388): warning C4244: “初始化”: 从“double”转换到“float”，可能丢失数据
d:\00multivis\00multivis\multivis_viewer.cpp(389): warning C4244: “初始化”: 从“double”转换到“float”，可能丢失数据
d:\00multivis\00multivis\multivis_viewer.cpp(390): warning C4244: “初始化”: 从“double”转换到“float”，可能丢失数据
d:\00multivis\00multivis\multivis_viewer.cpp(532): warning C4244: “=”: 从“float”转换到“int”，可能丢失数据
d:\00multivis\00multivis\multivis_viewer.cpp(533): warning C4244: “=”: 从“float”转换到“int”，可能丢失数据
d:\00multivis\00multivis\multivis_viewer.cpp(534): warning C4244: “=”: 从“float”转换到“int”，可能丢失数据
d:\00multivis\00multivis\multivis_viewer.cpp(651): warning C4244: “=”: 从“double”转换到“float”，可能丢失数据
d:\00multivis\00multivis\multivis_viewer.cpp(699): warning C4244: “=”: 从“float”转换到“int”，可能丢失数据
d:\00multivis\00multivis\multivis_viewer.cpp(700): warning C4244: “=”: 从“float”转换到“int”，可能丢失数据
d:\00multivis\00multivis\multivis_viewer.cpp(701): warning C4244: “=”: 从“float”转换到“int”，可能丢失数据
d:\00multivis\00multivis\multivis_viewer.cpp(808): warning C4244: “=”: 从“float”转换到“int”，可能丢失数据
d:\00multivis\00multivis\multivis_viewer.cpp(809): warning C4244: “=”: 从“float”转换到“int”，可能丢失数据
d:\00multivis\00multivis\multivis_viewer.cpp(810): warning C4244: “=”: 从“float”转换到“int”，可能丢失数据
d:\00multivis\00multivis\multivis_viewer.cpp(826): warning C4244: “return”: 从“double”转换到“float”，可能丢失数据
d:\00multivis\00multivis\multivis_viewer.cpp(863): warning C4244: “=”: 从“float”转换到“int”，可能丢失数据
d:\00multivis\00multivis\multivis_viewer.cpp(864): warning C4244: “=”: 从“float”转换到“int”，可能丢失数据
d:\00multivis\00multivis\multivis_viewer.cpp(865): warning C4244: “=”: 从“float”转换到“int”，可能丢失数据
d:\00multivis\00multivis\multivis_viewer.cpp(884): warning C4244: “=”: 从“double”转换到“float”，可能丢失数据
d:\00multivis\00multivis\multivis_viewer.cpp(896): warning C4244: “=”: 从“float”转换到“int”，可能丢失数据
d:\00multivis\00multivis\multivis_viewer.cpp(897): warning C4244: “=”: 从“float”转换到“int”，可能丢失数据
d:\00multivis\00multivis\multivis_viewer.cpp(898): warning C4244: “=”: 从“float”转换到“int”，可能丢失数据
d:\00multivis\00multivis\multivis_viewer.cpp(913): warning C4244: “=”: 从“double”转换到“float”，可能丢失数据
d:\00multivis\00multivis\multivis_viewer.cpp(924): warning C4244: “=”: 从“float”转换到“int”，可能丢失数据
d:\00multivis\00multivis\multivis_viewer.cpp(925): warning C4244: “=”: 从“float”转换到“int”，可能丢失数据
d:\00multivis\00multivis\multivis_viewer.cpp(926): warning C4244: “=”: 从“float”转换到“int”，可能丢失数据
d:\00multivis\00multivis\multivis_viewer.cpp(941): warning C4244: “=”: 从“double”转换到“float”，可能丢失数据
d:\00multivis\00multivis\multivis_viewer.cpp(945): warning C4244: “=”: 从“double”转换到“float”，可能丢失数据
d:\00multivis\00multivis\multivis_viewer.cpp(946): warning C4244: “=”: 从“double”转换到“float”，可能丢失数据
d:\00multivis\00multivis\multivis_viewer.cpp(947): warning C4244: “=”: 从“double”转换到“float”，可能丢失数据
d:\00multivis\00multivis\multivis_viewer.cpp(948): warning C4244: “参数”: 从“double”转换到“float”，可能丢失数据
d:\00multivis\00multivis\multivis_viewer.cpp(986): warning C4244: “=”: 从“float”转换到“int”，可能丢失数据
d:\00multivis\00multivis\multivis_viewer.cpp(987): warning C4244: “=”: 从“float”转换到“int”，可能丢失数据
d:\00multivis\00multivis\multivis_viewer.cpp(988): warning C4244: “=”: 从“float”转换到“int”，可能丢失数据
d:\00multivis\00multivis\multivis_viewer.cpp(1006): warning C4244: “return”: 从“double”转换到“float”，可能丢失数据
d:\00multivis\00multivis\multivis_viewer.cpp(1041): warning C4244: “=”: 从“float”转换到“int”，可能丢失数据
d:\00multivis\00multivis\multivis_viewer.cpp(1042): warning C4244: “=”: 从“float”转换到“int”，可能丢失数据
d:\00multivis\00multivis\multivis_viewer.cpp(1043): warning C4244: “=”: 从“float”转换到“int”，可能丢失数据
d:\00multivis\00multivis\multivis_viewer.cpp(1059): warning C4244: “return”: 从“double”转换到“float”，可能丢失数据
d:\00multivis\00multivis\multivis_viewer.cpp(1094): warning C4244: “=”: 从“float”转换到“int”，可能丢失数据
d:\00multivis\00multivis\multivis_viewer.cpp(1095): warning C4244: “=”: 从“float”转换到“int”，可能丢失数据
d:\00multivis\00multivis\multivis_viewer.cpp(1096): warning C4244: “=”: 从“float”转换到“int”，可能丢失数据
d:\00multivis\00multivis\multivis_viewer.cpp(1113): warning C4244: “return”: 从“double”转换到“float”，可能丢失数据
d:\00multivis\00multivis\multivis_viewer.cpp(1148): warning C4244: “=”: 从“float”转换到“int”，可能丢失数据
d:\00multivis\00multivis\multivis_viewer.cpp(1149): warning C4244: “=”: 从“float”转换到“int”，可能丢失数据
d:\00multivis\00multivis\multivis_viewer.cpp(1150): warning C4244: “=”: 从“float”转换到“int”，可能丢失数据
d:\00multivis\00multivis\multivis_viewer.cpp(1166): warning C4244: “return”: 从“double”转换到“float”，可能丢失数据
d:\00multivis\00multivis\multivis_viewer.cpp(1201): warning C4244: “=”: 从“float”转换到“int”，可能丢失数据
d:\00multivis\00multivis\multivis_viewer.cpp(1202): warning C4244: “=”: 从“float”转换到“int”，可能丢失数据
d:\00multivis\00multivis\multivis_viewer.cpp(1203): warning C4244: “=”: 从“float”转换到“int”，可能丢失数据
d:\00multivis\00multivis\multivis_viewer.cpp(1219): warning C4244: “return”: 从“double”转换到“float”，可能丢失数据
d:\00multivis\00multivis\multivis_viewer.cpp(1254): warning C4244: “=”: 从“float”转换到“int”，可能丢失数据
d:\00multivis\00multivis\multivis_viewer.cpp(1255): warning C4244: “=”: 从“float”转换到“int”，可能丢失数据
d:\00multivis\00multivis\multivis_viewer.cpp(1256): warning C4244: “=”: 从“float”转换到“int”，可能丢失数据
d:\00multivis\00multivis\multivis_viewer.cpp(1273): warning C4244: “return”: 从“double”转换到“float”，可能丢失数据
d:\00multivis\00multivis\multivis_viewer.cpp(1327): warning C4244: “=”: 从“double”转换到“float”，可能丢失数据
d:\00multivis\00multivis\multivis_viewer.cpp(1328): warning C4244: “=”: 从“double”转换到“float”，可能丢失数据
d:\00multivis\00multivis\multivis_viewer.cpp(1329): warning C4244: “=”: 从“double”转换到“float”，可能丢失数据
d:\00multivis\00multivis\multivis_viewer.cpp(1331): warning C4244: “=”: 从“double”转换到“float”，可能丢失数据
d:\00multivis\00multivis\multivis_viewer.cpp(1332): warning C4244: “=”: 从“double”转换到“float”，可能丢失数据
d:\00multivis\00multivis\multivis_viewer.cpp(1333): warning C4244: “=”: 从“double”转换到“float”，可能丢失数据
d:\00multivis\00multivis\multivis_viewer.cpp(1348): warning C4244: “参数”: 从“double”转换到“float”，可能丢失数据
d:\00multivis\00multivis\multivis_viewer.cpp(1360): warning C4244: “=”: 从“double”转换到“float”，可能丢失数据
d:\00multivis\00multivis\multivis_viewer.cpp(1361): warning C4244: “=”: 从“double”转换到“float”，可能丢失数据
d:\00multivis\00multivis\multivis_viewer.cpp(1396): warning C4244: “=”: 从“double”转换到“float”，可能丢失数据
d:\00multivis\00multivis\multivis_viewer.cpp(1408): warning C4244: “=”: 从“double”转换到“float”，可能丢失数据
d:\00multivis\00multivis\multivis_viewer.cpp(1409): warning C4244: “=”: 从“double”转换到“float”，可能丢失数据
d:\00multivis\00multivis\multivis_viewer.cpp(1436): warning C4244: “=”: 从“double”转换到“float”，可能丢失数据
d:\00multivis\00multivis\multivis_viewer.cpp(1442): warning C4244: “=”: 从“double”转换到“float”，可能丢失数据
d:\00multivis\00multivis\multivis_viewer.cpp(1444): warning C4244: “=”: 从“double”转换到“float”，可能丢失数据
d:\00multivis\00multivis\multivis_viewer.cpp(1468): warning C4244: “=”: 从“double”转换到“float”，可能丢失数据
d:\00multivis\00multivis\multivis_viewer.cpp(1470): warning C4244: “=”: 从“double”转换到“float”，可能丢失数据
d:\00multivis\00multivis\multivis_viewer.cpp(1473): warning C4244: “=”: 从“double”转换到“float”，可能丢失数据
d:\00multivis\00multivis\multivis_viewer.cpp(1482): warning C4244: “=”: 从“double”转换到“float”，可能丢失数据
d:\00multivis\00multivis\multivis_viewer.cpp(1488): warning C4244: “=”: 从“double”转换到“float”，可能丢失数据
d:\00multivis\00multivis\multivis_viewer.cpp(1490): warning C4244: “=”: 从“double”转换到“float”，可能丢失数据
d:\00multivis\00multivis\multivis_viewer.cpp(1491): warning C4244: “=”: 从“double”转换到“float”，可能丢失数据
d:\00multivis\00multivis\multivis_viewer.cpp(1492): warning C4244: “=”: 从“double”转换到“float”，可能丢失数据
d:\00multivis\00multivis\multivis_viewer.cpp(1498): warning C4244: “=”: 从“double”转换到“float”，可能丢失数据
d:\00multivis\00multivis\multivis_viewer.cpp(1499): warning C4244: “=”: 从“double”转换到“float”，可能丢失数据
d:\00multivis\00multivis\multivis_viewer.cpp(1419): warning C4101: “offset”: 未引用的局部变量
d:\00multivis\00multivis\multivis_viewer.cpp(1419): warning C4101: “k”: 未引用的局部变量
d:\00multivis\00multivis\multivis_viewer.cpp(1419): warning C4101: “Temp”: 未引用的局部变量
d:\00multivis\00multivis\multivis_viewer.cpp(1419): warning C4101: “count”: 未引用的局部变量
d:\00multivis\00multivis\multivis_viewer.cpp(1419): warning C4101: “j”: 未引用的局部变量
d:\00multivis\00multivis\multivis_viewer.cpp(1419): warning C4101: “h”: 未引用的局部变量
d:\00multivis\00multivis\multivis_viewer.cpp(1537): warning C4244: “=”: 从“double”转换到“float”，可能丢失数据
d:\00multivis\00multivis\multivis_viewer.cpp(1556): warning C4244: “=”: 从“double”转换到“float”，可能丢失数据
d:\00multivis\00multivis\multivis_viewer.cpp(1557): warning C4244: “=”: 从“double”转换到“float”，可能丢失数据
d:\00multivis\00multivis\multivis_viewer.cpp(1558): warning C4244: “=”: 从“double”转换到“float”，可能丢失数据
d:\00multivis\00multivis\multivis_viewer.cpp(1567): warning C4244: “=”: 从“double”转换到“float”，可能丢失数据
d:\00multivis\00multivis\multivis_viewer.cpp(1546): warning C4101: “MajorDistance”: 未引用的局部变量
d:\00multivis\00multivis\multivis_viewer.cpp(1597): warning C4244: “=”: 从“double”转换到“float”，可能丢失数据
d:\00multivis\00multivis\multivis_viewer.cpp(1598): warning C4244: “=”: 从“double”转换到“float”，可能丢失数据
d:\00multivis\00multivis\multivis_viewer.cpp(1599): warning C4244: “=”: 从“double”转换到“float”，可能丢失数据
d:\00multivis\00multivis\multivis_viewer.cpp(1605): warning C4244: “=”: 从“double”转换到“float”，可能丢失数据
d:\00multivis\00multivis\multivis_viewer.cpp(1622): warning C4244: “=”: 从“double”转换到“float”，可能丢失数据
d:\00multivis\00multivis\multivis_viewer.cpp(1623): warning C4244: “=”: 从“double”转换到“float”，可能丢失数据
d:\00multivis\00multivis\multivis_viewer.cpp(1624): warning C4244: “=”: 从“double”转换到“float”，可能丢失数据
d:\00multivis\00multivis\multivis_viewer.cpp(1630): warning C4244: “=”: 从“double”转换到“float”，可能丢失数据
d:\00multivis\00multivis\multivis_viewer.cpp(1655): warning C4244: “=”: 从“double”转换到“float”，可能丢失数据
d:\00multivis\00multivis\multivis_viewer.cpp(1657): warning C4244: “return”: 从“double”转换到“float”，可能丢失数据
d:\00multivis\00multivis\multivis_viewer.cpp(1673): warning C4244: “=”: 从“double”转换到“float”，可能丢失数据
d:\00multivis\00multivis\multivis_viewer.cpp(1674): warning C4244: “=”: 从“double”转换到“float”，可能丢失数据
d:\00multivis\00multivis\multivis_viewer.cpp(1691): warning C4244: “=”: 从“double”转换到“float”，可能丢失数据
d:\00multivis\00multivis\multivis_viewer.cpp(1692): warning C4244: “=”: 从“double”转换到“float”，可能丢失数据
d:\00multivis\00multivis\multivis_viewer.cpp(1711): warning C4244: “=”: 从“double”转换到“int”，可能丢失数据
d:\00multivis\00multivis\multivis_viewer.cpp(1713): warning C4244: “=”: 从“float”转换到“int”，可能丢失数据
d:\00multivis\00multivis\multivis_viewer.cpp(1714): warning C4244: “=”: 从“float”转换到“int”，可能丢失数据
d:\00multivis\00multivis\multivis_viewer.cpp(1715): warning C4244: “=”: 从“float”转换到“int”，可能丢失数据
d:\00multivis\00multivis\multivis_viewer.cpp(1702): warning C4101: “CellPointsNumber”: 未引用的局部变量
d:\00multivis\00multivis\multivis_viewer.cpp(1769): warning C4244: “参数”: 从“double”转换到“int”，可能丢失数据
d:\00multivis\00multivis\multivis_viewer.cpp(1774): warning C4244: “=”: 从“double”转换到“int”，可能丢失数据
d:\00multivis\00multivis\multivis_viewer.cpp(1776): warning C4244: “=”: 从“float”转换到“int”，可能丢失数据
d:\00multivis\00multivis\multivis_viewer.cpp(1777): warning C4244: “=”: 从“float”转换到“int”，可能丢失数据
d:\00multivis\00multivis\multivis_viewer.cpp(1778): warning C4244: “=”: 从“float”转换到“int”，可能丢失数据
d:\00multivis\00multivis\multivis_viewer.cpp(1836): warning C4244: “参数”: 从“double”转换到“int”，可能丢失数据
d:\00multivis\00multivis\multivis_viewer.cpp(1841): warning C4244: “=”: 从“double”转换到“int”，可能丢失数据
d:\00multivis\00multivis\multivis_viewer.cpp(1843): warning C4244: “=”: 从“float”转换到“int”，可能丢失数据
d:\00multivis\00multivis\multivis_viewer.cpp(1844): warning C4244: “=”: 从“float”转换到“int”，可能丢失数据
d:\00multivis\00multivis\multivis_viewer.cpp(1845): warning C4244: “=”: 从“float”转换到“int”，可能丢失数据
d:\00multivis\00multivis\multivis_viewer.cpp(1968): warning C4244: “=”: 从“double”转换到“float”，可能丢失数据
d:\00multivis\00multivis\multivis_viewer.cpp(1969): warning C4244: “=”: 从“double”转换到“float”，可能丢失数据
d:\00multivis\00multivis\multivis_viewer.cpp(1970): warning C4244: “=”: 从“double”转换到“float”，可能丢失数据
d:\00multivis\00multivis\multivis_viewer.cpp(1977): warning C4244: “=”: 从“double”转换到“float”，可能丢失数据
d:\00multivis\00multivis\multivis_viewer.cpp(1978): warning C4244: “=”: 从“double”转换到“float”，可能丢失数据
d:\00multivis\00multivis\multivis_viewer.cpp(1979): warning C4244: “=”: 从“double”转换到“float”，可能丢失数据
d:\00multivis\00multivis\multivis_viewer.cpp(1989): warning C4244: “=”: 从“double”转换到“float”，可能丢失数据
d:\00multivis\00multivis\multivis_viewer.cpp(1990): warning C4244: “=”: 从“double”转换到“float”，可能丢失数据
d:\00multivis\00multivis\multivis_viewer.cpp(1991): warning C4244: “=”: 从“double”转换到“float”，可能丢失数据
d:\00multivis\00multivis\multivis_viewer.cpp(1998): warning C4244: “=”: 从“double”转换到“float”，可能丢失数据
d:\00multivis\00multivis\multivis_viewer.cpp(1999): warning C4244: “=”: 从“double”转换到“float”，可能丢失数据
d:\00multivis\00multivis\multivis_viewer.cpp(2000): warning C4244: “=”: 从“double”转换到“float”，可能丢失数据
d:\00multivis\00multivis\multivis_viewer.cpp(2039): warning C4244: “=”: 从“double”转换到“float”，可能丢失数据
d:\00multivis\00multivis\multivis_viewer.cpp(2040): warning C4244: “=”: 从“double”转换到“float”，可能丢失数据
d:\00multivis\00multivis\multivis_viewer.cpp(2041): warning C4244: “=”: 从“double”转换到“float”，可能丢失数据
d:\00multivis\00multivis\multivis_viewer.cpp(2048): warning C4244: “=”: 从“double”转换到“float”，可能丢失数据
d:\00multivis\00multivis\multivis_viewer.cpp(2049): warning C4244: “=”: 从“double”转换到“float”，可能丢失数据
d:\00multivis\00multivis\multivis_viewer.cpp(2050): warning C4244: “=”: 从“double”转换到“float”，可能丢失数据
d:\00multivis\00multivis\multivis_viewer.cpp(2061): warning C4244: “=”: 从“double”转换到“float”，可能丢失数据
d:\00multivis\00multivis\multivis_viewer.cpp(2062): warning C4244: “=”: 从“double”转换到“float”，可能丢失数据
d:\00multivis\00multivis\multivis_viewer.cpp(2063): warning C4244: “=”: 从“double”转换到“float”，可能丢失数据
d:\00multivis\00multivis\multivis_viewer.cpp(2070): warning C4244: “=”: 从“double”转换到“float”，可能丢失数据
d:\00multivis\00multivis\multivis_viewer.cpp(2071): warning C4244: “=”: 从“double”转换到“float”，可能丢失数据
d:\00multivis\00multivis\multivis_viewer.cpp(2072): warning C4244: “=”: 从“double”转换到“float”，可能丢失数据
d:\00multivis\00multivis\multivis_viewer.cpp(2086): warning C4101: “k”: 未引用的局部变量
d:\00multivis\00multivis\multivis_viewer.cpp(2091): warning C4101: “Nij”: 未引用的局部变量
  正在生成代码...
  正在跳过...(未检测到相关更改)
  visualization.cpp
  00MultiVis.vcxproj -> D:\00MultiVis\x64\Debug\00MultiVis.exe
  00MultiVis.vcxproj -> D:\00MultiVis\x64\Debug\00MultiVis.pdb (Partial PDB)
