  algebra3.cpp
  arcball.cpp
  glui.cpp
D:\工具包\GL工具包\glui-2.35\src\include\GL/glui.h(54): fatal error C1083: 无法打开包括文件: “GL/glut.h”: No such file or directory
  glui_add_controls.cpp
D:\工具包\GL工具包\glui-2.35\src\include\GL/glui.h(54): fatal error C1083: 无法打开包括文件: “GL/glut.h”: No such file or directory
  glui_bitmaps.cpp
D:\工具包\GL工具包\glui-2.35\src\include\GL/glui.h(54): fatal error C1083: 无法打开包括文件: “GL/glut.h”: No such file or directory
  glui_bitmap_img_data.cpp
  glui_button.cpp
D:\工具包\GL工具包\glui-2.35\src\include\GL/glui.h(54): fatal error C1083: 无法打开包括文件: “GL/glut.h”: No such file or directory
  glui_checkbox.cpp
D:\工具包\GL工具包\glui-2.35\src\include\GL/glui.h(54): fatal error C1083: 无法打开包括文件: “GL/glut.h”: No such file or directory
  glui_column.cpp
D:\工具包\GL工具包\glui-2.35\src\include\GL/glui.h(54): fatal error C1083: 无法打开包括文件: “GL/glut.h”: No such file or directory
  glui_commandline.cpp
D:\工具包\GL工具包\glui-2.35\src\include\GL/glui.h(54): fatal error C1083: 无法打开包括文件: “GL/glut.h”: No such file or directory
  glui_control.cpp
D:\工具包\GL工具包\glui-2.35\src\include\GL/glui.h(54): fatal error C1083: 无法打开包括文件: “GL/glut.h”: No such file or directory
  glui_edittext.cpp
D:\工具包\GL工具包\glui-2.35\src\include\GL/glui.h(54): fatal error C1083: 无法打开包括文件: “GL/glut.h”: No such file or directory
  glui_filebrowser.cpp
D:\工具包\GL工具包\glui-2.35\src\include\GL/glui.h(54): fatal error C1083: 无法打开包括文件: “GL/glut.h”: No such file or directory
  glui_list.cpp
D:\工具包\GL工具包\glui-2.35\src\include\GL/glui.h(54): fatal error C1083: 无法打开包括文件: “GL/glut.h”: No such file or directory
  glui_listbox.cpp
D:\工具包\GL工具包\glui-2.35\src\include\GL/glui.h(54): fatal error C1083: 无法打开包括文件: “GL/glut.h”: No such file or directory
  glui_mouse_iaction.cpp
D:\工具包\GL工具包\glui-2.35\src\include\GL/glui.h(54): fatal error C1083: 无法打开包括文件: “GL/glut.h”: No such file or directory
  glui_node.cpp
D:\工具包\GL工具包\glui-2.35\src\include\GL/glui.h(54): fatal error C1083: 无法打开包括文件: “GL/glut.h”: No such file or directory
  glui_panel.cpp
D:\工具包\GL工具包\glui-2.35\src\include\GL/glui.h(54): fatal error C1083: 无法打开包括文件: “GL/glut.h”: No such file or directory
  glui_radio.cpp
D:\工具包\GL工具包\glui-2.35\src\include\GL/glui.h(54): fatal error C1083: 无法打开包括文件: “GL/glut.h”: No such file or directory
  glui_rollout.cpp
D:\工具包\GL工具包\glui-2.35\src\include\GL/glui.h(54): fatal error C1083: 无法打开包括文件: “GL/glut.h”: No such file or directory
  正在生成代码...
  正在编译...
  glui_rotation.cpp
D:\工具包\GL工具包\glui-2.35\src\include\GL/glui.h(54): fatal error C1083: 无法打开包括文件: “GL/glut.h”: No such file or directory
  glui_scrollbar.cpp
D:\工具包\GL工具包\glui-2.35\src\include\GL/glui.h(54): fatal error C1083: 无法打开包括文件: “GL/glut.h”: No such file or directory
  glui_separator.cpp
D:\工具包\GL工具包\glui-2.35\src\include\GL/glui.h(54): fatal error C1083: 无法打开包括文件: “GL/glut.h”: No such file or directory
  glui_spinner.cpp
D:\工具包\GL工具包\glui-2.35\src\include\GL/glui.h(54): fatal error C1083: 无法打开包括文件: “GL/glut.h”: No such file or directory
  glui_statictext.cpp
D:\工具包\GL工具包\glui-2.35\src\include\GL/glui.h(54): fatal error C1083: 无法打开包括文件: “GL/glut.h”: No such file or directory
  glui_string.cpp
D:\工具包\GL工具包\glui-2.35\src\include\GL/glui.h(54): fatal error C1083: 无法打开包括文件: “GL/glut.h”: No such file or directory
  glui_textbox.cpp
D:\工具包\GL工具包\glui-2.35\src\include\GL/glui.h(54): fatal error C1083: 无法打开包括文件: “GL/glut.h”: No such file or directory
  glui_translation.cpp
D:\工具包\GL工具包\glui-2.35\src\include\GL/glui.h(54): fatal error C1083: 无法打开包括文件: “GL/glut.h”: No such file or directory
  glui_tree.cpp
D:\工具包\GL工具包\glui-2.35\src\include\GL/glui.h(54): fatal error C1083: 无法打开包括文件: “GL/glut.h”: No such file or directory
  glui_treepanel.cpp
D:\工具包\GL工具包\glui-2.35\src\include\GL/glui.h(54): fatal error C1083: 无法打开包括文件: “GL/glut.h”: No such file or directory
  glui_window.cpp
D:\工具包\GL工具包\glui-2.35\src\include\GL/glui.h(54): fatal error C1083: 无法打开包括文件: “GL/glut.h”: No such file or directory
  quaternion.cpp
  正在生成代码...
